failed to create symbolic link '/workspace/ros2_ws/build/crazyflie_examples/ament_cmake_python/crazyflie_examples/crazyflie_examples' because existing path cannot be removed: Is a directory
gmake[2]: *** [CMakeFiles/ament_cmake_python_symlink_crazyflie_examples.dir/build.make:70: CMakeFiles/ament_cmake_python_symlink_crazyflie_examples] Error 1
gmake[1]: *** [CMakeFiles/Makefile2:141: CMakeFiles/ament_cmake_python_symlink_crazyflie_examples.dir/all] Error 2
gmake[1]: *** Waiting for unfinished jobs....
Built target ament_cmake_python_symlink_crazyflie_examples_setup
gmake: *** [Makefile:146: all] Error 2
